[02Jun2024 16:56:13.881] [main/INFO] [cpw.mods.modlauncher.Launcher/MODLAUNCHER]: ModLauncher running: args [--launchTarget, forgeclientuserdev, --version, 20.6.72-beta, --assetIndex, asset-index, --assetsDir, C:\Users\pouff\.gradle\caches\minecraft\assets\1.20.6, --gameDir, ., --fml.neoForgeVersion, 20.6.72-beta, --fml.fmlVersion, 3.0.29, --fml.mcVersion, 1.20.6, --fml.neoFormVersion, 20240429.153634]
[02Jun2024 16:56:13.884] [main/INFO] [cpw.mods.modlauncher.Launcher/MODLAUNCHER]: JVM identified as Eclipse Adoptium OpenJDK 64-Bit Server VM 21.0.3+9-LTS
[02Jun2024 16:56:13.885] [main/INFO] [cpw.mods.modlauncher.Launcher/MODLAUNCHER]: ModLauncher 11.0.2+main.4612c65f starting: java version 21.0.3 by Eclipse Adoptium; OS Windows 11 arch amd64 version 10.0
[02Jun2024 16:56:13.970] [main/INFO] [net.neoforged.fml.loading.ImmediateWindowHandler/]: Loading ImmediateWindowProvider fmlearlywindow
[02Jun2024 16:56:14.035] [main/INFO] [EARLYDISPLAY/]: Trying GL version 4.6
[02Jun2024 16:56:14.157] [main/INFO] [EARLYDISPLAY/]: Requested GL version 4.6 got version 4.6
[02Jun2024 16:56:14.242] [main/INFO] [mixin/]: SpongePowered MIXIN Subsystem Version=0.8.5 Source=union:/C:/Users/pouff/.gradle/caches/modules-2/files-2.1/net.fabricmc/sponge-mixin/0.13.4+mixin.0.8.5/8adf0cff1795a169141b9e16ad7b9f6e2527a990/sponge-mixin-0.13.4+mixin.0.8.5.jar%23153!/ Service=ModLauncher Env=CLIENT
[02Jun2024 16:56:14.433] [pool-2-thread-1/INFO] [EARLYDISPLAY/]: GL info: NVIDIA GeForce RTX 4070/PCIe/SSE2 GL version 4.6.0 NVIDIA 536.23, NVIDIA Corporation
[02Jun2024 16:56:14.506] [main/INFO] [net.neoforged.fml.loading.moddiscovery.ModDiscoverer/SCAN]: Found mod file "neoforge-20.6.72-beta.jar" [locator: neoforge devenv provider ([C:\Users\pouff\Documents\GitHub\Incompetent\Incompetent-Core\.gradle\repositories\ng_dummy_ng\net\neoforged\neoforge\20.6.72-beta\neoforge-20.6.72-beta.jar])]
[02Jun2024 16:56:14.517] [main/INFO] [net.neoforged.fml.loading.moddiscovery.ModDiscoverer/SCAN]: Found mod file "neoforge-20.6.72-beta.jar" [locator: neoforge devenv provider ([C:\Users\pouff\Documents\GitHub\Incompetent\Incompetent-Core\.gradle\repositories\ng_dummy_ng\net\neoforged\neoforge\20.6.72-beta\neoforge-20.6.72-beta.jar])]
[02Jun2024 16:56:14.525] [main/INFO] [net.neoforged.fml.loading.moddiscovery.ModDiscoverer/SCAN]: Found mod file "main" [locator: userdev mods and services, reader: mod manifest]
[02Jun2024 16:56:14.536] [main/INFO] [net.neoforged.fml.loading.moddiscovery.ModDiscoverer/SCAN]: Found mod file "neoforge-20.6.72-beta.jar" [locator: userdev mods and services, reader: mod manifest]
[02Jun2024 16:56:14.540] [main/INFO] [net.neoforged.fml.loading.moddiscovery.ModDiscoverer/SCAN]: Found mod file "emi-1.1.6+1.20.6+neoforge.jar" [locator: userdev mods and services, reader: mod manifest]
[02Jun2024 16:56:14.601] [main/INFO] [net.neoforged.fml.loading.moddiscovery.ModDiscoverer/SCAN]: Found gamelibrary file "mixinextras-neoforge-0.3.5.jar" [locator: userdev mods and services, reader: mod manifest]
[02Jun2024 16:56:14.714] [main/WARN] [net.neoforged.jarjar.selection.JarSelector/]: Attempted to select a dependency jar for JarJar which was passed in as source: mixinextras-neoforge-0.3.5.jar. Using Mod File: C:\Users\pouff\.gradle\caches\modules-2\files-2.1\io.github.llamalad7\mixinextras-neoforge\0.3.5\ef3ffcf309dae656517b2f120189b1c9b21737dd\mixinextras-neoforge-0.3.5.jar
[02Jun2024 16:56:14.714] [main/INFO] [net.neoforged.fml.loading.moddiscovery.locators.JarInJarDependencyLocator/]: No dependencies to load found. Skipping!
[02Jun2024 16:56:15.424] [main/INFO] [mixin/]: Compatibility level set to JAVA_17
[02Jun2024 16:56:15.430] [main/INFO] [cpw.mods.modlauncher.LaunchServiceHandler/MODLAUNCHER]: Launching target 'forgeclientuserdev' with arguments [--version, 20.6.72-beta, --gameDir, ., --assetsDir, C:\Users\pouff\.gradle\caches\minecraft\assets\1.20.6, --assetIndex, asset-index]
[02Jun2024 16:56:15.471] [main/WARN] [mixin/]: Reference map 'incompetent_core.refmap.json' for incompetent_core.mixins.json could not be read. If this is a development environment you can ignore this message
[02Jun2024 16:56:15.600] [main/WARN] [mixin/]: Error loading class: mezz/jei/library/load/PluginCaller (java.lang.ClassNotFoundException: mezz.jei.library.load.PluginCaller)
[02Jun2024 16:56:15.664] [main/INFO] [MixinExtras|Service/]: Initializing MixinExtras via com.llamalad7.mixinextras.service.MixinExtrasServiceImpl(version=0.3.5).
[02Jun2024 16:56:19.097] [Datafixer Bootstrap/INFO] [com.mojang.datafixers.DataFixerBuilder/]: 225 Datafixer optimizations took 187 milliseconds
[02Jun2024 16:56:20.777] [main/WARN] [net.minecraft.commands.Commands/]: Ambiguity between arguments [teleport, location] and [teleport, destination] with inputs: [0.1 -0.5 .9, 0 0 0]
[02Jun2024 16:56:20.778] [main/WARN] [net.minecraft.commands.Commands/]: Ambiguity between arguments [teleport, location] and [teleport, targets] with inputs: [0.1 -0.5 .9, 0 0 0]
[02Jun2024 16:56:20.780] [main/WARN] [net.minecraft.commands.Commands/]: Ambiguity between arguments [teleport, destination] and [teleport, targets] with inputs: [Player, 0123, @e, dd12be42-52a9-4a91-a8a1-11c01849e498]
[02Jun2024 16:56:20.780] [main/WARN] [net.minecraft.commands.Commands/]: Ambiguity between arguments [teleport, targets] and [teleport, destination] with inputs: [Player, 0123, dd12be42-52a9-4a91-a8a1-11c01849e498]
[02Jun2024 16:56:20.781] [main/WARN] [net.minecraft.commands.Commands/]: Ambiguity between arguments [teleport, targets, location] and [teleport, targets, destination] with inputs: [0.1 -0.5 .9, 0 0 0]
[02Jun2024 16:56:20.913] [Render thread/WARN] [net.minecraft.server.packs.VanillaPackResourcesBuilder/]: Assets URL 'union:/C:/Users/pouff/Documents/GitHub/Incompetent/Incompetent-Core/.gradle/repositories/ng_dummy_ng/net/neoforged/neoforge/20.6.72-beta/neoforge-20.6.72-beta.jar%23202!/assets/.mcassetsroot' uses unexpected schema
[02Jun2024 16:56:20.914] [Render thread/WARN] [net.minecraft.server.packs.VanillaPackResourcesBuilder/]: Assets URL 'union:/C:/Users/pouff/Documents/GitHub/Incompetent/Incompetent-Core/.gradle/repositories/ng_dummy_ng/net/neoforged/neoforge/20.6.72-beta/neoforge-20.6.72-beta.jar%23202!/data/.mcassetsroot' uses unexpected schema
[02Jun2024 16:56:20.934] [Render thread/INFO] [com.mojang.authlib.yggdrasil.YggdrasilAuthenticationService/]: Environment: Environment[sessionHost=https://sessionserver.mojang.com, servicesHost=https://api.minecraftservices.com, name=PROD]
[02Jun2024 16:56:20.941] [Render thread/INFO] [net.minecraft.client.Minecraft/]: Setting user: Dev
[02Jun2024 16:56:21.009] [Render thread/INFO] [net.minecraft.client.Minecraft/]: Backend library: LWJGL version 3.3.3+5
[02Jun2024 16:56:21.227] [modloading-worker-0/INFO] [net.neoforged.neoforge.common.NeoForgeMod/NEOFORGE-MOD]: NeoForge mod loading, version 20.6.72-beta, for MC 1.20.6
[02Jun2024 16:56:21.787] [Render thread/INFO] [net.neoforged.neoforge.gametest.GameTestHooks/]: Enabled Gametest Namespaces: []
[02Jun2024 16:56:21.894] [Render thread/INFO] [net.minecraft.server.packs.resources.ReloadableResourceManager/]: Reloading ResourceManager: vanilla, mod_resources, mod/emi, mod/incompetent_core, mod/neoforge, file/spell_properties
[02Jun2024 16:56:21.952] [Worker-Main-6/INFO] [net.minecraft.client.gui.font.providers.UnihexProvider/]: Found unifont_all_no_pua-15.1.04.hex, loading
[02Jun2024 16:56:22.072] [Worker-Main-8/INFO] [com.incompetent_modders.incomp_core.IncompCore/]: HELLO FROM COMMON SETUP
[02Jun2024 16:56:22.074] [Worker-Main-2/ERROR] [net.minecraft.client.renderer.texture.atlas.SpriteResourceLoader/]: Image incompetent_core:mana_bar/bubbles size 50,256 is not multiple of frame size 50,50
[02Jun2024 16:56:22.085] [Worker-Main-5/INFO] [net.minecraft.client.gui.font.providers.UnihexProvider/]: Found unifont_jp_patch-15.1.04.hex, loading
[02Jun2024 16:56:22.189] [Worker-Main-7/INFO] [com.incompetent_modders.incomp_core.IncompCore/]: HELLO FROM CLIENT SETUP
[02Jun2024 16:56:22.189] [Worker-Main-7/INFO] [com.incompetent_modders.incomp_core.IncompCore/]: MINECRAFT NAME >> Dev
[02Jun2024 16:56:23.287] [Render thread/WARN] [net.minecraft.client.sounds.SoundEngine/]: Missing sound for event: minecraft:item.goat_horn.play
[02Jun2024 16:56:23.288] [Render thread/WARN] [net.minecraft.client.sounds.SoundEngine/]: Missing sound for event: minecraft:entity.goat.screaming.horn_break
[02Jun2024 16:56:23.326] [Render thread/INFO] [com.mojang.blaze3d.audio.Library/]: OpenAL initialized on device OpenAL Soft on U34G2G4R3 (2- NVIDIA High Definition Audio)
[02Jun2024 16:56:23.326] [Render thread/INFO] [net.minecraft.client.sounds.SoundEngine/SOUNDS]: Sound engine started
[02Jun2024 16:56:23.421] [Render thread/INFO] [net.minecraft.client.renderer.texture.TextureAtlas/]: Created: 1024x512x4 minecraft:textures/atlas/blocks.png-atlas
[02Jun2024 16:56:23.428] [Render thread/INFO] [net.minecraft.client.renderer.texture.TextureAtlas/]: Created: 256x256x4 minecraft:textures/atlas/signs.png-atlas
[02Jun2024 16:56:23.428] [Render thread/INFO] [net.minecraft.client.renderer.texture.TextureAtlas/]: Created: 512x512x4 minecraft:textures/atlas/shield_patterns.png-atlas
[02Jun2024 16:56:23.429] [Render thread/INFO] [net.minecraft.client.renderer.texture.TextureAtlas/]: Created: 512x512x4 minecraft:textures/atlas/banner_patterns.png-atlas
[02Jun2024 16:56:23.429] [Render thread/INFO] [net.minecraft.client.renderer.texture.TextureAtlas/]: Created: 1024x1024x4 minecraft:textures/atlas/armor_trims.png-atlas
[02Jun2024 16:56:23.432] [Render thread/INFO] [net.minecraft.client.renderer.texture.TextureAtlas/]: Created: 128x64x4 minecraft:textures/atlas/decorated_pot.png-atlas
[02Jun2024 16:56:23.432] [Render thread/INFO] [net.minecraft.client.renderer.texture.TextureAtlas/]: Created: 256x256x4 minecraft:textures/atlas/chest.png-atlas
[02Jun2024 16:56:23.432] [Render thread/INFO] [net.minecraft.client.renderer.texture.TextureAtlas/]: Created: 512x256x4 minecraft:textures/atlas/shulker_boxes.png-atlas
[02Jun2024 16:56:23.432] [Render thread/INFO] [net.minecraft.client.renderer.texture.TextureAtlas/]: Created: 512x256x4 minecraft:textures/atlas/beds.png-atlas
[02Jun2024 16:56:23.562] [Render thread/INFO] [net.minecraft.client.renderer.texture.TextureAtlas/]: Created: 512x256x0 minecraft:textures/atlas/particles.png-atlas
[02Jun2024 16:56:23.564] [Render thread/INFO] [net.minecraft.client.renderer.texture.TextureAtlas/]: Created: 256x256x0 minecraft:textures/atlas/paintings.png-atlas
[02Jun2024 16:56:23.564] [Render thread/INFO] [net.minecraft.client.renderer.texture.TextureAtlas/]: Created: 256x128x0 minecraft:textures/atlas/mob_effects.png-atlas
[02Jun2024 16:56:23.564] [Render thread/INFO] [net.minecraft.client.renderer.texture.TextureAtlas/]: Created: 64x64x0 minecraft:textures/atlas/map_decorations.png-atlas
[02Jun2024 16:56:23.564] [Render thread/INFO] [net.minecraft.client.renderer.texture.TextureAtlas/]: Created: 1024x512x0 minecraft:textures/atlas/gui.png-atlas
[02Jun2024 16:56:23.582] [Render thread/WARN] [net.minecraft.client.renderer.ShaderInstance/]: Shader rendertype_entity_translucent_emissive could not find sampler named Sampler2 in the specified shader program.
[02Jun2024 16:56:31.373] [Render thread/INFO] [net.minecraft.world.item.crafting.RecipeManager/]: Loaded 1176 recipes
[02Jun2024 16:56:31.503] [Render thread/INFO] [net.minecraft.advancements.AdvancementTree/]: Loaded 1276 advancements
[02Jun2024 16:56:31.513] [Render thread/INFO] [com.incompetent_modders.incomp_core.IncompCore/]: Load Complete for 5 spells
[02Jun2024 16:56:31.517] [Render thread/INFO] [com.incompetent_modders.incomp_core.IncompCore/]: Load Complete for 2 potion effects
[02Jun2024 16:56:31.520] [Render thread/INFO] [com.incompetent_modders.incomp_core.IncompCore/]: Load Complete for 3 class types
[02Jun2024 16:56:31.522] [Render thread/INFO] [com.incompetent_modders.incomp_core.IncompCore/]: Load Complete for 2 species
[02Jun2024 16:56:31.524] [Render thread/INFO] [com.incompetent_modders.incomp_core.IncompCore/]: Load Complete for 2 species' attributes
[02Jun2024 16:56:31.525] [Render thread/INFO] [com.incompetent_modders.incomp_core.IncompCore/]: Load Complete for 4 diets
[02Jun2024 16:56:31.816] [Render thread/INFO] [EMI/]: [EMI] Recipes synchronized, waiting for tags to reload EMI...
[02Jun2024 16:56:31.880] [Server thread/INFO] [net.minecraft.client.server.IntegratedServer/]: Starting integrated minecraft server version 1.20.6
[02Jun2024 16:56:31.881] [Server thread/INFO] [net.minecraft.server.MinecraftServer/]: Generating keypair
[02Jun2024 16:56:32.656] [Server thread/INFO] [net.minecraft.server.MinecraftServer/]: Preparing start region for dimension minecraft:overworld
[02Jun2024 16:56:33.172] [progressListener/INFO] [net.minecraft.server.level.progress.LoggerChunkProgressListener/]: Preparing spawn area: 0%
[02Jun2024 16:56:33.191] [progressListener/INFO] [net.minecraft.server.level.progress.LoggerChunkProgressListener/]: Preparing spawn area: 0%
[02Jun2024 16:56:33.663] [Server thread/INFO] [net.neoforged.neoforge.server.permission.PermissionAPI/]: Successfully initialized permission handler neoforge:default_handler
[02Jun2024 16:56:33.664] [progressListener/INFO] [net.minecraft.server.level.progress.LoggerChunkProgressListener/]: Time elapsed: 996 ms
[02Jun2024 16:56:33.665] [Server thread/WARN] [com.incompetent_modders.incomp_core.IncompCore/]: Spell incompetent_core:data_spell_yippee does not have properties! This may cause issues!
[02Jun2024 16:56:33.665] [Server thread/WARN] [com.incompetent_modders.incomp_core.IncompCore/]: Spell incompetent_core:test_ranged_spell does not have properties! This may cause issues!
[02Jun2024 16:56:33.665] [Server thread/WARN] [com.incompetent_modders.incomp_core.IncompCore/]: Spell incompetent_core:test_spell does not have properties! This may cause issues!
[02Jun2024 16:56:33.665] [Server thread/WARN] [com.incompetent_modders.incomp_core.IncompCore/]: Spell incompetent_core:data_spell does not have properties! This may cause issues!
[02Jun2024 16:56:33.665] [Server thread/WARN] [com.incompetent_modders.incomp_core.IncompCore/]: Spell incompetent_core:empty does not have properties! This may cause issues!
[02Jun2024 16:56:33.728] [Server thread/INFO] [net.minecraft.client.server.IntegratedServer/]: Changing view distance to 32, from 10
[02Jun2024 16:56:33.728] [Server thread/INFO] [net.minecraft.client.server.IntegratedServer/]: Changing simulation distance to 32, from 0
[02Jun2024 16:56:34.087] [Render thread/INFO] [EMI/]: [EMI] Recipes synchronized, waiting for tags to reload EMI...
[02Jun2024 16:56:34.203] [Server thread/INFO] [net.minecraft.server.players.PlayerList/]: Dev[local:E:bb8215ad] logged in with entity id 9 at (-798.5525610891565, 120.26565033560225, 544.8438122755535)
[02Jun2024 16:56:34.241] [Server thread/INFO] [net.minecraft.server.MinecraftServer/]: Dev joined the game
[02Jun2024 16:56:34.661] [Render thread/INFO] [EMI/]: [EMI] Tags synchronized, reloading EMI
[02Jun2024 16:56:34.662] [Render thread/INFO] [EMI/]: [EMI] Starting Reload
[02Jun2024 16:56:34.664] [Thread-13/INFO] [EMI/]: [EMI] Starting EMI reload...
[02Jun2024 16:56:34.665] [Thread-13/INFO] [EMI/]: [EMI] Clearing data
[02Jun2024 16:56:34.684] [Thread-13/INFO] [EMI/]: [EMI] Initializing plugin from emi
[02Jun2024 16:56:34.689] [Thread-13/INFO] [EMI/]: [EMI] Initialized plugin from emi in 3ms
[02Jun2024 16:56:34.690] [Thread-13/INFO] [EMI/]: [EMI] Processing tags
[02Jun2024 16:56:34.718] [Thread-13/INFO] [EMI/]: [EMI] Constructing index
[02Jun2024 16:56:34.982] [Thread-13/INFO] [EMI/]: [EMI] Loading plugin from emi
[02Jun2024 16:56:35.096] [Thread-13/INFO] [EMI/]: [EMI] Reloaded plugin from emi in 114ms
[02Jun2024 16:56:35.097] [Thread-13/INFO] [EMI/]: [EMI] Baking index
[02Jun2024 16:56:35.113] [Render thread/INFO] [net.minecraft.advancements.AdvancementTree/]: Loaded 40 advancements
[02Jun2024 16:56:35.120] [Thread-13/INFO] [EMI/]: [EMI] Registering late recipes
[02Jun2024 16:56:35.120] [Thread-13/INFO] [EMI/]: [EMI] Baking recipes
[02Jun2024 16:56:35.169] [Thread-13/INFO] [EMI/]: [EMI] Baked 3093 recipes in 47ms
[02Jun2024 16:56:35.175] [Thread-13/ERROR] [EMI/]: [EMI] Error parsing NBT in deserialized stack
[02Jun2024 16:56:35.177] [Thread-13/INFO] [EMI/]: [EMI] Baking search
[02Jun2024 16:56:35.198] [Thread-14/INFO] [EMI/]: [EMI] Baked recipes after reload in 30ms
[02Jun2024 16:56:35.248] [Thread-13/INFO] [EMI/]: [EMI] Finishing up
[02Jun2024 16:56:35.262] [Thread-13/INFO] [EMI/]: [EMI] Reloaded EMI in 597ms
[02Jun2024 16:56:36.882] [Server thread/INFO] [net.minecraft.client.server.IntegratedServer/]: Saving and pausing game...
[02Jun2024 16:56:36.900] [Server thread/INFO] [net.minecraft.server.MinecraftServer/]: Saving chunks for level 'ServerLevel[New World]'/minecraft:overworld
[02Jun2024 16:56:36.956] [Server thread/INFO] [net.minecraft.server.MinecraftServer/]: Saving chunks for level 'ServerLevel[New World]'/minecraft:the_nether
[02Jun2024 16:56:36.960] [Server thread/INFO] [net.minecraft.server.MinecraftServer/]: Saving chunks for level 'ServerLevel[New World]'/minecraft:the_end
[02Jun2024 16:56:41.971] [Render thread/INFO] [com.incompetent_modders.incomp_core.IncompCore/]: Player has begun casting spell: Flame Blast
[02Jun2024 16:56:42.001] [Server thread/INFO] [com.incompetent_modders.incomp_core.IncompCore/]: Player has begun casting spell: Flame Blast
[02Jun2024 16:56:44.060] [Server thread/INFO] [com.incompetent_modders.incomp_core.IncompCore/]: Spell cast by Dev
[02Jun2024 16:56:44.112] [Render thread/INFO] [com.incompetent_modders.incomp_core.IncompCore/]: Player has begun casting spell: Flame Blast
[02Jun2024 16:56:44.114] [Server thread/INFO] [com.incompetent_modders.incomp_core.IncompCore/]: Player has begun casting spell: Flame Blast
[02Jun2024 16:56:46.719] [Render thread/INFO] [com.incompetent_modders.incomp_core.IncompCore/]: Player has begun casting spell: Flame Blast
[02Jun2024 16:56:46.732] [Server thread/INFO] [com.incompetent_modders.incomp_core.IncompCore/]: Player has begun casting spell: Flame Blast
[02Jun2024 16:56:47.568] [Render thread/INFO] [com.incompetent_modders.incomp_core.IncompCore/]: Player has begun casting spell: Flame Blast
[02Jun2024 16:56:47.570] [Server thread/INFO] [com.incompetent_modders.incomp_core.IncompCore/]: Player has begun casting spell: Flame Blast
[02Jun2024 16:56:49.616] [Server thread/INFO] [com.incompetent_modders.incomp_core.IncompCore/]: Spell cast by Dev
[02Jun2024 16:56:49.671] [Render thread/INFO] [com.incompetent_modders.incomp_core.IncompCore/]: Player has begun casting spell: Flame Blast
[02Jun2024 16:56:49.690] [Server thread/INFO] [com.incompetent_modders.incomp_core.IncompCore/]: Player has begun casting spell: Flame Blast
[02Jun2024 16:57:10.266] [Server thread/INFO] [net.minecraft.client.server.IntegratedServer/]: Saving and pausing game...
[02Jun2024 16:57:10.274] [Server thread/INFO] [net.minecraft.server.MinecraftServer/]: Saving chunks for level 'ServerLevel[New World]'/minecraft:overworld
[02Jun2024 16:57:10.302] [Server thread/INFO] [net.minecraft.server.MinecraftServer/]: Saving chunks for level 'ServerLevel[New World]'/minecraft:the_nether
[02Jun2024 16:57:10.305] [Server thread/INFO] [net.minecraft.server.MinecraftServer/]: Saving chunks for level 'ServerLevel[New World]'/minecraft:the_end
[02Jun2024 16:57:10.934] [Render thread/INFO] [EMI/]: [EMI] Disconnecting from server, EMI data cleared
[02Jun2024 16:57:10.935] [Thread-19/INFO] [EMI/]: [EMI] Clearing data
[02Jun2024 16:57:10.988] [Server thread/INFO] [net.minecraft.server.network.ServerGamePacketListenerImpl/]: Dev lost connection: Disconnected
[02Jun2024 16:57:10.988] [Server thread/INFO] [net.minecraft.server.MinecraftServer/]: Dev left the game
[02Jun2024 16:57:10.999] [Server thread/INFO] [net.minecraft.server.network.ServerCommonPacketListenerImpl/]: Stopping singleplayer server as player logged out
[02Jun2024 16:57:11.018] [Server thread/INFO] [net.minecraft.server.MinecraftServer/]: Stopping server
[02Jun2024 16:57:11.019] [Server thread/INFO] [net.minecraft.server.MinecraftServer/]: Saving players
[02Jun2024 16:57:11.019] [Server thread/INFO] [net.minecraft.server.MinecraftServer/]: Saving worlds
[02Jun2024 16:57:11.819] [Server thread/INFO] [net.minecraft.server.MinecraftServer/]: Saving chunks for level 'ServerLevel[New World]'/minecraft:overworld
[02Jun2024 16:57:11.957] [Server thread/INFO] [net.minecraft.server.MinecraftServer/]: Saving chunks for level 'ServerLevel[New World]'/minecraft:the_nether
[02Jun2024 16:57:11.959] [Server thread/INFO] [net.minecraft.server.MinecraftServer/]: Saving chunks for level 'ServerLevel[New World]'/minecraft:the_end
[02Jun2024 16:57:11.963] [Server thread/INFO] [net.minecraft.server.MinecraftServer/]: ThreadedAnvilChunkStorage (New World (7)): All chunks are saved
[02Jun2024 16:57:11.963] [Server thread/INFO] [net.minecraft.server.MinecraftServer/]: ThreadedAnvilChunkStorage (DIM-1): All chunks are saved
[02Jun2024 16:57:11.963] [Server thread/INFO] [net.minecraft.server.MinecraftServer/]: ThreadedAnvilChunkStorage (DIM1): All chunks are saved
[02Jun2024 16:57:11.963] [Server thread/INFO] [net.minecraft.server.MinecraftServer/]: ThreadedAnvilChunkStorage: All dimensions are saved
[02Jun2024 16:57:13.888] [Render thread/INFO] [net.minecraft.world.item.crafting.RecipeManager/]: Loaded 1176 recipes
[02Jun2024 16:57:13.937] [Render thread/INFO] [net.minecraft.advancements.AdvancementTree/]: Loaded 1276 advancements
[02Jun2024 16:57:13.937] [Render thread/INFO] [com.incompetent_modders.incomp_core.IncompCore/]: Load Complete for 5 spells
[02Jun2024 16:57:13.937] [Render thread/INFO] [com.incompetent_modders.incomp_core.IncompCore/]: Load Complete for 2 potion effects
[02Jun2024 16:57:13.938] [Render thread/INFO] [com.incompetent_modders.incomp_core.IncompCore/]: Load Complete for 3 class types
[02Jun2024 16:57:13.938] [Render thread/INFO] [com.incompetent_modders.incomp_core.IncompCore/]: Load Complete for 2 species
[02Jun2024 16:57:13.938] [Render thread/INFO] [com.incompetent_modders.incomp_core.IncompCore/]: Load Complete for 2 species' attributes
[02Jun2024 16:57:13.938] [Render thread/INFO] [com.incompetent_modders.incomp_core.IncompCore/]: Load Complete for 4 diets
[02Jun2024 16:57:14.260] [Render thread/INFO] [EMI/]: [EMI] Recipes synchronized, waiting for tags to reload EMI...
[02Jun2024 16:57:14.274] [Server thread/INFO] [net.minecraft.client.server.IntegratedServer/]: Starting integrated minecraft server version 1.20.6
[02Jun2024 16:57:14.274] [Server thread/INFO] [net.minecraft.server.MinecraftServer/]: Generating keypair
[02Jun2024 16:57:15.065] [Server thread/INFO] [net.minecraft.server.MinecraftServer/]: Preparing start region for dimension minecraft:overworld
[02Jun2024 16:57:15.156] [progressListener/INFO] [net.minecraft.server.level.progress.LoggerChunkProgressListener/]: Preparing spawn area: 0%
[02Jun2024 16:57:15.532] [Server thread/INFO] [net.neoforged.neoforge.server.permission.PermissionAPI/]: Successfully initialized permission handler neoforge:default_handler
[02Jun2024 16:57:15.532] [Server thread/WARN] [com.incompetent_modders.incomp_core.IncompCore/]: Spell incompetent_core:data_spell_yippee does not have properties! This may cause issues!
[02Jun2024 16:57:15.532] [Server thread/WARN] [com.incompetent_modders.incomp_core.IncompCore/]: Spell incompetent_core:test_ranged_spell does not have properties! This may cause issues!
[02Jun2024 16:57:15.532] [Server thread/WARN] [com.incompetent_modders.incomp_core.IncompCore/]: Spell incompetent_core:test_spell does not have properties! This may cause issues!
[02Jun2024 16:57:15.532] [Server thread/WARN] [com.incompetent_modders.incomp_core.IncompCore/]: Spell incompetent_core:data_spell does not have properties! This may cause issues!
[02Jun2024 16:57:15.532] [Server thread/WARN] [com.incompetent_modders.incomp_core.IncompCore/]: Spell incompetent_core:empty does not have properties! This may cause issues!
[02Jun2024 16:57:15.541] [progressListener/INFO] [net.minecraft.server.level.progress.LoggerChunkProgressListener/]: Time elapsed: 461 ms
[02Jun2024 16:57:15.542] [Server thread/INFO] [net.minecraft.client.server.IntegratedServer/]: Changing view distance to 32, from 10
[02Jun2024 16:57:15.542] [Server thread/INFO] [net.minecraft.client.server.IntegratedServer/]: Changing simulation distance to 32, from 0
[02Jun2024 16:57:15.818] [Render thread/INFO] [EMI/]: [EMI] Recipes synchronized, waiting for tags to reload EMI...
[02Jun2024 16:57:15.833] [Server thread/INFO] [net.minecraft.server.players.PlayerList/]: Dev[local:E:d7fe5dde] logged in with entity id 1890 at (-814.8492402298274, 139.3941279173872, 521.2758644830325)
[02Jun2024 16:57:15.845] [Server thread/INFO] [net.minecraft.server.MinecraftServer/]: Dev joined the game
[02Jun2024 16:57:15.971] [Render thread/INFO] [EMI/]: [EMI] Tags synchronized, reloading EMI
[02Jun2024 16:57:15.971] [Render thread/INFO] [EMI/]: [EMI] Starting Reload
[02Jun2024 16:57:15.972] [Thread-25/INFO] [EMI/]: [EMI] Starting EMI reload...
[02Jun2024 16:57:15.972] [Thread-25/INFO] [EMI/]: [EMI] Clearing data
[02Jun2024 16:57:15.974] [Thread-25/INFO] [EMI/]: [EMI] Initializing plugin from emi
[02Jun2024 16:57:15.974] [Thread-25/INFO] [EMI/]: [EMI] Initialized plugin from emi in 0ms
[02Jun2024 16:57:15.974] [Thread-25/INFO] [EMI/]: [EMI] Processing tags
[02Jun2024 16:57:15.980] [Thread-25/INFO] [EMI/]: [EMI] Constructing index
[02Jun2024 16:57:16.056] [Thread-25/INFO] [EMI/]: [EMI] Loading plugin from emi
[02Jun2024 16:57:16.096] [Thread-25/INFO] [EMI/]: [EMI] Reloaded plugin from emi in 39ms
[02Jun2024 16:57:16.096] [Thread-25/INFO] [EMI/]: [EMI] Baking index
[02Jun2024 16:57:16.101] [Thread-25/INFO] [EMI/]: [EMI] Registering late recipes
[02Jun2024 16:57:16.102] [Thread-25/INFO] [EMI/]: [EMI] Baking recipes
[02Jun2024 16:57:16.125] [Thread-25/INFO] [EMI/]: [EMI] Baked 3093 recipes in 23ms
[02Jun2024 16:57:16.127] [Thread-25/ERROR] [EMI/]: [EMI] Error parsing NBT in deserialized stack
[02Jun2024 16:57:16.128] [Thread-25/INFO] [EMI/]: [EMI] Baking search
[02Jun2024 16:57:16.146] [Thread-26/INFO] [EMI/]: [EMI] Baked recipes after reload in 21ms
[02Jun2024 16:57:16.170] [Thread-25/INFO] [EMI/]: [EMI] Finishing up
[02Jun2024 16:57:16.171] [Thread-25/INFO] [EMI/]: [EMI] Reloaded EMI in 199ms
[02Jun2024 16:57:16.332] [Render thread/INFO] [net.minecraft.advancements.AdvancementTree/]: Loaded 40 advancements
[02Jun2024 16:57:16.935] [Server thread/INFO] [net.minecraft.client.server.IntegratedServer/]: Saving and pausing game...
[02Jun2024 16:57:16.943] [Server thread/INFO] [net.minecraft.server.MinecraftServer/]: Saving chunks for level 'ServerLevel[New World]'/minecraft:overworld
[02Jun2024 16:57:17.093] [Server thread/INFO] [net.minecraft.server.MinecraftServer/]: Saving chunks for level 'ServerLevel[New World]'/minecraft:the_nether
[02Jun2024 16:57:17.109] [Server thread/INFO] [net.minecraft.server.MinecraftServer/]: Saving chunks for level 'ServerLevel[New World]'/minecraft:the_end
[02Jun2024 16:57:17.472] [Render thread/INFO] [EMI/]: [EMI] Disconnecting from server, EMI data cleared
[02Jun2024 16:57:17.478] [Thread-29/INFO] [EMI/]: [EMI] Clearing data
[02Jun2024 16:57:17.521] [Server thread/INFO] [net.minecraft.server.network.ServerGamePacketListenerImpl/]: Dev lost connection: Disconnected
[02Jun2024 16:57:17.521] [Server thread/INFO] [net.minecraft.server.MinecraftServer/]: Dev left the game
[02Jun2024 16:57:17.527] [Server thread/INFO] [net.minecraft.server.network.ServerCommonPacketListenerImpl/]: Stopping singleplayer server as player logged out
[02Jun2024 16:57:17.578] [Server thread/INFO] [net.minecraft.server.MinecraftServer/]: Stopping server
[02Jun2024 16:57:17.578] [Server thread/INFO] [net.minecraft.server.MinecraftServer/]: Saving players
[02Jun2024 16:57:17.578] [Server thread/INFO] [net.minecraft.server.MinecraftServer/]: Saving worlds
[02Jun2024 16:57:17.852] [Server thread/INFO] [net.minecraft.server.MinecraftServer/]: Saving chunks for level 'ServerLevel[New World]'/minecraft:overworld
[02Jun2024 16:57:18.013] [Server thread/INFO] [net.minecraft.server.MinecraftServer/]: Saving chunks for level 'ServerLevel[New World]'/minecraft:the_nether
[02Jun2024 16:57:18.014] [Server thread/INFO] [net.minecraft.server.MinecraftServer/]: Saving chunks for level 'ServerLevel[New World]'/minecraft:the_end
[02Jun2024 16:57:18.019] [Server thread/INFO] [net.minecraft.server.MinecraftServer/]: ThreadedAnvilChunkStorage (New World (7)): All chunks are saved
[02Jun2024 16:57:18.019] [Server thread/INFO] [net.minecraft.server.MinecraftServer/]: ThreadedAnvilChunkStorage (DIM-1): All chunks are saved
[02Jun2024 16:57:18.019] [Server thread/INFO] [net.minecraft.server.MinecraftServer/]: ThreadedAnvilChunkStorage (DIM1): All chunks are saved
[02Jun2024 16:57:18.019] [Server thread/INFO] [net.minecraft.server.MinecraftServer/]: ThreadedAnvilChunkStorage: All dimensions are saved
[02Jun2024 16:57:20.061] [Render thread/INFO] [net.minecraft.world.item.crafting.RecipeManager/]: Loaded 1175 recipes
[02Jun2024 16:57:20.087] [Render thread/INFO] [net.minecraft.advancements.AdvancementTree/]: Loaded 1276 advancements
[02Jun2024 16:57:20.087] [Render thread/INFO] [com.incompetent_modders.incomp_core.IncompCore/]: Load Complete for 3 spells
[02Jun2024 16:57:20.087] [Render thread/INFO] [com.incompetent_modders.incomp_core.IncompCore/]: Load Complete for 1 potion effects
[02Jun2024 16:57:20.087] [Render thread/INFO] [com.incompetent_modders.incomp_core.IncompCore/]: Load Complete for 2 class types
[02Jun2024 16:57:20.087] [Render thread/INFO] [com.incompetent_modders.incomp_core.IncompCore/]: Load Complete for 2 species
[02Jun2024 16:57:20.087] [Render thread/INFO] [com.incompetent_modders.incomp_core.IncompCore/]: Load Complete for 2 species' attributes
[02Jun2024 16:57:20.088] [Render thread/INFO] [com.incompetent_modders.incomp_core.IncompCore/]: Load Complete for 4 diets
[02Jun2024 16:57:20.353] [Render thread/INFO] [EMI/]: [EMI] Recipes synchronized, waiting for tags to reload EMI...
[02Jun2024 16:57:20.366] [Server thread/INFO] [net.minecraft.client.server.IntegratedServer/]: Starting integrated minecraft server version 1.20.6
[02Jun2024 16:57:20.366] [Server thread/INFO] [net.minecraft.server.MinecraftServer/]: Generating keypair
[02Jun2024 16:57:20.997] [Server thread/INFO] [net.minecraft.server.MinecraftServer/]: Preparing start region for dimension minecraft:overworld
[02Jun2024 16:57:21.046] [progressListener/INFO] [net.minecraft.server.level.progress.LoggerChunkProgressListener/]: Preparing spawn area: 0%
[02Jun2024 16:57:21.229] [Server thread/INFO] [net.neoforged.neoforge.server.permission.PermissionAPI/]: Successfully initialized permission handler neoforge:default_handler
[02Jun2024 16:57:21.229] [Server thread/WARN] [com.incompetent_modders.incomp_core.IncompCore/]: Spell incompetent_core:test_ranged_spell does not have properties! This may cause issues!
[02Jun2024 16:57:21.229] [Server thread/WARN] [com.incompetent_modders.incomp_core.IncompCore/]: Spell incompetent_core:test_spell does not have properties! This may cause issues!
[02Jun2024 16:57:21.229] [Server thread/WARN] [com.incompetent_modders.incomp_core.IncompCore/]: Spell incompetent_core:empty does not have properties! This may cause issues!
[02Jun2024 16:57:21.234] [Server thread/INFO] [net.minecraft.client.server.IntegratedServer/]: Changing view distance to 32, from 10
[02Jun2024 16:57:21.234] [Server thread/INFO] [net.minecraft.client.server.IntegratedServer/]: Changing simulation distance to 32, from 0
[02Jun2024 16:57:21.246] [progressListener/INFO] [net.minecraft.server.level.progress.LoggerChunkProgressListener/]: Time elapsed: 237 ms
[02Jun2024 16:57:21.441] [Render thread/INFO] [EMI/]: [EMI] Recipes synchronized, waiting for tags to reload EMI...
[02Jun2024 16:57:21.453] [Server thread/INFO] [net.minecraft.server.players.PlayerList/]: Dev[local:E:585ed0bd] logged in with entity id 2350 at (-4.5, 71.0, 30.5)
[02Jun2024 16:57:21.459] [Server thread/INFO] [net.minecraft.server.MinecraftServer/]: Dev joined the game
[02Jun2024 16:57:21.645] [Render thread/INFO] [EMI/]: [EMI] Tags synchronized, reloading EMI
[02Jun2024 16:57:21.646] [Render thread/INFO] [EMI/]: [EMI] Starting Reload
[02Jun2024 16:57:21.646] [Thread-35/INFO] [EMI/]: [EMI] Starting EMI reload...
[02Jun2024 16:57:21.646] [Thread-35/INFO] [EMI/]: [EMI] Clearing data
[02Jun2024 16:57:21.648] [Thread-35/INFO] [EMI/]: [EMI] Initializing plugin from emi
[02Jun2024 16:57:21.648] [Thread-35/INFO] [EMI/]: [EMI] Initialized plugin from emi in 0ms
[02Jun2024 16:57:21.648] [Thread-35/INFO] [EMI/]: [EMI] Processing tags
[02Jun2024 16:57:21.649] [Render thread/INFO] [net.minecraft.advancements.AdvancementTree/]: Loaded 2 advancements
[02Jun2024 16:57:21.652] [Thread-35/INFO] [EMI/]: [EMI] Constructing index
[02Jun2024 16:57:21.724] [Thread-35/INFO] [EMI/]: [EMI] Loading plugin from emi
[02Jun2024 16:57:21.764] [Thread-35/INFO] [EMI/]: [EMI] Reloaded plugin from emi in 39ms
[02Jun2024 16:57:21.764] [Thread-35/INFO] [EMI/]: [EMI] Baking index
[02Jun2024 16:57:21.769] [Thread-35/INFO] [EMI/]: [EMI] Registering late recipes
[02Jun2024 16:57:21.769] [Thread-35/INFO] [EMI/]: [EMI] Baking recipes
[02Jun2024 16:57:21.792] [Thread-35/INFO] [EMI/]: [EMI] Baked 3092 recipes in 23ms
[02Jun2024 16:57:21.794] [Thread-35/ERROR] [EMI/]: [EMI] Error parsing NBT in deserialized stack
[02Jun2024 16:57:21.794] [Thread-35/INFO] [EMI/]: [EMI] Baking search
[02Jun2024 16:57:21.834] [Thread-36/INFO] [EMI/]: [EMI] Baked recipes after reload in 20ms
[02Jun2024 16:57:21.839] [Thread-35/INFO] [EMI/]: [EMI] Finishing up
[02Jun2024 16:57:21.840] [Thread-35/INFO] [EMI/]: [EMI] Reloaded EMI in 194ms
[02Jun2024 16:57:22.130] [Server thread/INFO] [net.minecraft.client.server.IntegratedServer/]: Saving and pausing game...
[02Jun2024 16:57:22.139] [Server thread/INFO] [net.minecraft.server.MinecraftServer/]: Saving chunks for level 'ServerLevel[New World]'/minecraft:overworld
[02Jun2024 16:57:22.144] [Server thread/INFO] [net.minecraft.server.MinecraftServer/]: Saving chunks for level 'ServerLevel[New World]'/minecraft:the_nether
[02Jun2024 16:57:22.146] [Server thread/INFO] [net.minecraft.server.MinecraftServer/]: Saving chunks for level 'ServerLevel[New World]'/minecraft:the_end
[02Jun2024 16:57:22.652] [Render thread/INFO] [EMI/]: [EMI] Disconnecting from server, EMI data cleared
[02Jun2024 16:57:22.652] [Thread-39/INFO] [EMI/]: [EMI] Clearing data
[02Jun2024 16:57:22.696] [Server thread/INFO] [net.minecraft.server.network.ServerGamePacketListenerImpl/]: Dev lost connection: Disconnected
[02Jun2024 16:57:22.696] [Server thread/INFO] [net.minecraft.server.MinecraftServer/]: Dev left the game
[02Jun2024 16:57:22.703] [Server thread/INFO] [net.minecraft.server.network.ServerCommonPacketListenerImpl/]: Stopping singleplayer server as player logged out
[02Jun2024 16:57:22.730] [Server thread/INFO] [net.minecraft.server.MinecraftServer/]: Stopping server
[02Jun2024 16:57:22.730] [Server thread/INFO] [net.minecraft.server.MinecraftServer/]: Saving players
[02Jun2024 16:57:22.730] [Server thread/INFO] [net.minecraft.server.MinecraftServer/]: Saving worlds
[02Jun2024 16:57:23.293] [Server thread/INFO] [net.minecraft.server.MinecraftServer/]: Saving chunks for level 'ServerLevel[New World]'/minecraft:overworld
[02Jun2024 16:57:23.368] [Server thread/INFO] [net.minecraft.server.MinecraftServer/]: Saving chunks for level 'ServerLevel[New World]'/minecraft:the_nether
[02Jun2024 16:57:23.369] [Server thread/INFO] [net.minecraft.server.MinecraftServer/]: Saving chunks for level 'ServerLevel[New World]'/minecraft:the_end
[02Jun2024 16:57:23.374] [Server thread/INFO] [net.minecraft.server.MinecraftServer/]: ThreadedAnvilChunkStorage (New World (5)): All chunks are saved
[02Jun2024 16:57:23.374] [Server thread/INFO] [net.minecraft.server.MinecraftServer/]: ThreadedAnvilChunkStorage (DIM-1): All chunks are saved
[02Jun2024 16:57:23.374] [Server thread/INFO] [net.minecraft.server.MinecraftServer/]: ThreadedAnvilChunkStorage (DIM1): All chunks are saved
[02Jun2024 16:57:23.374] [Server thread/INFO] [net.minecraft.server.MinecraftServer/]: ThreadedAnvilChunkStorage: All dimensions are saved
[02Jun2024 16:57:27.033] [Render thread/INFO] [net.minecraft.client.Minecraft/]: Stopping!
